
Showing logs for build [32mcb-kubecd-environment-pr-5304-1-1[0m stage [32mmeta-pipeline[0m and container [32mstep-credential-initializer-gzcwb[0m
{"level":"warn","ts":1567507466.7937198,"logger":"fallback-logger","caller":"logging/config.go:69","msg":"Fetch GitHub commit ID from kodata failed: \"ref: refs/heads/master\" is not a valid GitHub commit ID"}
{"level":"info","ts":1567507466.7944179,"logger":"fallback-logger","caller":"creds-init/main.go:40","msg":"Credentials initialized."}

Showing logs for build [32mcb-kubecd-environment-pr-5304-1-1[0m stage [32mmeta-pipeline[0m and container [32mstep-working-dir-initializer-rhsbz[0m
{"level":"warn","ts":1567507467.7712166,"logger":"fallback-logger","caller":"logging/config.go:69","msg":"Fetch GitHub commit ID from kodata failed: open /var/run/ko/HEAD: no such file or directory"}
{"level":"info","ts":1567507467.7730403,"logger":"fallback-logger","caller":"bash/main.go:65","msg":"Successfully executed command \"mkdir -p /workspace/source\""}

Showing logs for build [32mcb-kubecd-environment-pr-5304-1-1[0m stage [32mmeta-pipeline[0m and container [32mstep-place-tools[0m

Showing logs for build [32mcb-kubecd-environment-pr-5304-1-1[0m stage [32mmeta-pipeline[0m and container [32mstep-git-source-meta-cb-kubecd-environment-pr-5-slrzf[0m
{"level":"warn","ts":1567507473.8139718,"logger":"fallback-logger","caller":"logging/config.go:69","msg":"Fetch GitHub commit ID from kodata failed: \"ref: refs/heads/master\" is not a valid GitHub commit ID"}
{"level":"info","ts":1567507474.3940718,"logger":"fallback-logger","caller":"git/git.go:102","msg":"Successfully cloned https://github.com/cb-kubecd/environment-pr-5304-11-tekton-gkebdd-staging.git @ b76e1a5810ff7d04fae9dec300e27cab5c6ab1b5 in path /workspace/source"}

Showing logs for build [32mcb-kubecd-environment-pr-5304-1-1[0m stage [32mmeta-pipeline[0m and container [32mstep-git-merge[0m
Using SHAs from PULL_REFS=master:b76e1a5810ff7d04fae9dec300e27cab5c6ab1b5,1:a72f55eee0db1670e792c48ab447ab5eb47a494c
DEBUG: ran git fetch --unshallow origin a72f55eee0db1670e792c48ab447ab5eb47a494c: b76e1a5810ff7d04fae9dec300e27cab5c6ab1b5: in 
DEBUG: ran git checkout master in 
DEBUG: ran git reset --hard b76e1a5810ff7d04fae9dec300e27cab5c6ab1b5 in 
DEBUG: ran clean --force -d . in 
DEBUG: ran git merge a72f55eee0db1670e792c48ab447ab5eb47a494c in 
Merged SHA a72f55eee0db1670e792c48ab447ab5eb47a494c with commit message 'chore: Promote bdd-spring-1567507228 to version 0.0.1' into base branch master

Showing logs for build [32mcb-kubecd-environment-pr-5304-1-1[0m stage [32mmeta-pipeline[0m and container [32mstep-merge-pull-refs[0m
DEBUG: ran git fetch origin a72f55eee0db1670e792c48ab447ab5eb47a494c: b76e1a5810ff7d04fae9dec300e27cab5c6ab1b5: in 
DEBUG: Unshallowed git repo in 
DEBUG: ran git checkout master in 
DEBUG: ran git reset --hard b76e1a5810ff7d04fae9dec300e27cab5c6ab1b5 in 
DEBUG: ran clean --force -d . in 
DEBUG: ran git merge a72f55eee0db1670e792c48ab447ab5eb47a494c in 
Merged SHA a72f55eee0db1670e792c48ab447ab5eb47a494c with commit message 'chore: Promote bdd-spring-1567507228 to version 0.0.1' into base branch master

Showing logs for build [32mcb-kubecd-environment-pr-5304-1-1[0m stage [32mmeta-pipeline[0m and container [32mstep-create-effective-pipeline[0m
Deleting and cloning the Jenkins X versions repo
Cloning the Jenkins X versions repo https://github.com/jenkins-x/jenkins-x-versions.git with ref refs/heads/master to /builder/home/.**/jenkins-x-versions
selected pack: /builder/home/.**/draft/packs/github.com/jenkins-x-buildpacks/jenkins-x-kubernetes/packs/environment
Effective pipeline written to jenkins-x-promotion-build-effective.yml

Showing logs for build [32mcb-kubecd-environment-pr-5304-1-1[0m stage [32mmeta-pipeline[0m and container [32mstep-create-tekton-crds[0m
PipelineActivity for cb-kubecd-environment-pr-5304-11-tekton-gkebdd-staging-PR-1-1
Applying changes 
upserted PipelineResource cb-kubecd-environment-pr-5304-1 for the git repository https://github.com/cb-kubecd/environment-pr-5304-11-tekton-gkebdd-staging.git
upserted Task cb-kubecd-environment-pr-5304-1-from-build-pack-1
upserted Pipeline cb-kubecd-environment-pr-5304-1-1
created PipelineRun cb-kubecd-environment-pr-5304-1-1
created PipelineStructure cb-kubecd-environment-pr-5304-1-1

Showing logs for build [32mcb-kubecd-environment-pr-5304-1-1[0m stage [32mfrom-build-pack[0m and container [32mstep-credential-initializer-dqbjv[0m
{"level":"warn","ts":1567507485.842694,"logger":"fallback-logger","caller":"logging/config.go:69","msg":"Fetch GitHub commit ID from kodata failed: \"ref: refs/heads/master\" is not a valid GitHub commit ID"}
{"level":"info","ts":1567507485.8432894,"logger":"fallback-logger","caller":"creds-init/main.go:40","msg":"Credentials initialized."}

Showing logs for build [32mcb-kubecd-environment-pr-5304-1-1[0m stage [32mfrom-build-pack[0m and container [32mstep-working-dir-initializer-sh99x[0m
{"level":"warn","ts":1567507486.158968,"logger":"fallback-logger","caller":"logging/config.go:69","msg":"Fetch GitHub commit ID from kodata failed: open /var/run/ko/HEAD: no such file or directory"}
{"level":"info","ts":1567507486.1604893,"logger":"fallback-logger","caller":"bash/main.go:65","msg":"Successfully executed command \"mkdir -p /workspace/source /workspace/source/env\""}

Showing logs for build [32mcb-kubecd-environment-pr-5304-1-1[0m stage [32mfrom-build-pack[0m and container [32mstep-place-tools[0m

Showing logs for build [32mcb-kubecd-environment-pr-5304-1-1[0m stage [32mfrom-build-pack[0m and container [32mstep-git-source-cb-kubecd-environment-pr-5304-1-nt8rk[0m
{"level":"warn","ts":1567507491.1458724,"logger":"fallback-logger","caller":"logging/config.go:69","msg":"Fetch GitHub commit ID from kodata failed: \"ref: refs/heads/master\" is not a valid GitHub commit ID"}
{"level":"info","ts":1567507491.7039313,"logger":"fallback-logger","caller":"git/git.go:102","msg":"Successfully cloned https://github.com/cb-kubecd/environment-pr-5304-11-tekton-gkebdd-staging.git @ master in path /workspace/source"}

Showing logs for build [32mcb-kubecd-environment-pr-5304-1-1[0m stage [32mfrom-build-pack[0m and container [32mstep-git-merge[0m
Using SHAs from PULL_REFS=master:b76e1a5810ff7d04fae9dec300e27cab5c6ab1b5,1:a72f55eee0db1670e792c48ab447ab5eb47a494c
DEBUG: ran git fetch --unshallow origin a72f55eee0db1670e792c48ab447ab5eb47a494c: b76e1a5810ff7d04fae9dec300e27cab5c6ab1b5: in 
DEBUG: ran git checkout master in 
DEBUG: ran git reset --hard b76e1a5810ff7d04fae9dec300e27cab5c6ab1b5 in 
DEBUG: ran clean --force -d . in 
DEBUG: ran git merge a72f55eee0db1670e792c48ab447ab5eb47a494c in 
Merged SHA a72f55eee0db1670e792c48ab447ab5eb47a494c with commit message 'chore: Promote bdd-spring-1567507228 to version 0.0.1' into base branch master

Showing logs for build [32mcb-kubecd-environment-pr-5304-1-1[0m stage [32mfrom-build-pack[0m and container [32mstep-build-helm-build[0m
WARNING: No $CHART_REPOSITORY defined so using the default value of: http://jenkins-x-chartmuseum:8080
Adding missing Helm repo: storage.googleapis.com https://storage.googleapis.com/chartmuseum.jenkins-x.io
Successfully added Helm repository storage.googleapis.com.
Adding missing Helm repo: jenkins-x-chartmuseum http://jenkins-x-chartmuseum:8080
Successfully added Helm repository jenkins-x-chartmuseum.
WARNING: No $CHART_REPOSITORY defined so using the default value of: http://jenkins-x-chartmuseum:8080
Adding missing Helm repo: chartmuseum.jenkins-x.io http://chartmuseum.jenkins-x.io
Successfully added Helm repository chartmuseum.jenkins-x.io.
