
Showing logs for build [32mmeta-cb-kubecd-environment-pr-5-bk9f2-1[0m stage [32mmeta-pipeline[0m and container [32mstep-credential-initializer-lxrbx[0m
{"level":"warn","ts":1567508478.6230335,"logger":"fallback-logger","caller":"logging/config.go:69","msg":"Fetch GitHub commit ID from kodata failed: \"ref: refs/heads/master\" is not a valid GitHub commit ID"}
{"level":"info","ts":1567508478.6239448,"logger":"fallback-logger","caller":"creds-init/main.go:40","msg":"Credentials initialized."}

Showing logs for build [32mmeta-cb-kubecd-environment-pr-5-bk9f2-1[0m stage [32mmeta-pipeline[0m and container [32mstep-working-dir-initializer-4mf4w[0m
{"level":"warn","ts":1567508479.2473958,"logger":"fallback-logger","caller":"logging/config.go:69","msg":"Fetch GitHub commit ID from kodata failed: open /var/run/ko/HEAD: no such file or directory"}
{"level":"info","ts":1567508479.2489848,"logger":"fallback-logger","caller":"bash/main.go:65","msg":"Successfully executed command \"mkdir -p /workspace/source\""}

Showing logs for build [32mmeta-cb-kubecd-environment-pr-5-bk9f2-1[0m stage [32mmeta-pipeline[0m and container [32mstep-place-tools[0m

Showing logs for build [32mmeta-cb-kubecd-environment-pr-5-bk9f2-1[0m stage [32mmeta-pipeline[0m and container [32mstep-git-source-meta-cb-kubecd-environment-pr-5-fgwjp[0m
{"level":"warn","ts":1567508485.323328,"logger":"fallback-logger","caller":"logging/config.go:69","msg":"Fetch GitHub commit ID from kodata failed: \"ref: refs/heads/master\" is not a valid GitHub commit ID"}
{"level":"info","ts":1567508485.9501462,"logger":"fallback-logger","caller":"git/git.go:102","msg":"Successfully cloned https://github.com/cb-kubecd/environment-pr-5304-11-tekton-gkebdd-staging.git @ 0e9f5503a336f881228cfaae0a4bdd547b060137 in path /workspace/source"}

Showing logs for build [32mmeta-cb-kubecd-environment-pr-5-bk9f2-1[0m stage [32mmeta-pipeline[0m and container [32mstep-git-merge[0m
Using SHAs from PULL_REFS=master:0e9f5503a336f881228cfaae0a4bdd547b060137,3:91b222632eb80209efe34989892221e8028f1c79
DEBUG: ran git fetch --unshallow origin 91b222632eb80209efe34989892221e8028f1c79: 0e9f5503a336f881228cfaae0a4bdd547b060137: in 
DEBUG: ran git checkout master in 
DEBUG: ran git reset --hard 0e9f5503a336f881228cfaae0a4bdd547b060137 in 
DEBUG: ran clean --force -d . in 
DEBUG: ran git merge 91b222632eb80209efe34989892221e8028f1c79 in 
Merged SHA 91b222632eb80209efe34989892221e8028f1c79 with commit message 'chore: Promote bdd-ghf**y-import-1567508361 to version 0.0.1' into base branch master

Showing logs for build [32mmeta-cb-kubecd-environment-pr-5-bk9f2-1[0m stage [32mmeta-pipeline[0m and container [32mstep-merge-pull-refs[0m
DEBUG: ran git fetch origin 91b222632eb80209efe34989892221e8028f1c79: 0e9f5503a336f881228cfaae0a4bdd547b060137: in 
DEBUG: Unshallowed git repo in 
DEBUG: ran git checkout master in 
DEBUG: ran git reset --hard 0e9f5503a336f881228cfaae0a4bdd547b060137 in 
DEBUG: ran clean --force -d . in 
DEBUG: ran git merge 91b222632eb80209efe34989892221e8028f1c79 in 
Merged SHA 91b222632eb80209efe34989892221e8028f1c79 with commit message 'chore: Promote bdd-ghf**y-import-1567508361 to version 0.0.1' into base branch master

Showing logs for build [32mmeta-cb-kubecd-environment-pr-5-bk9f2-1[0m stage [32mmeta-pipeline[0m and container [32mstep-create-effective-pipeline[0m
Deleting and cloning the Jenkins X versions repo
Cloning the Jenkins X versions repo https://github.com/jenkins-x/jenkins-x-versions.git with ref refs/heads/master to /builder/home/.**/jenkins-x-versions
selected pack: /builder/home/.**/draft/packs/github.com/jenkins-x-buildpacks/jenkins-x-kubernetes/packs/environment
Effective pipeline written to jenkins-x-promotion-build-effective.yml

Showing logs for build [32mmeta-cb-kubecd-environment-pr-5-bk9f2-1[0m stage [32mmeta-pipeline[0m and container [32mstep-create-tekton-crds[0m
PipelineActivity for cb-kubecd-environment-pr-5304-11-tekton-gkebdd-staging-PR-3-1
Applying changes 
upserted PipelineResource cb-kubecd-environment-pr-5304-1 for the git repository https://github.com/cb-kubecd/environment-pr-5304-11-tekton-gkebdd-staging.git
upserted Task cb-kubecd-environment-pr-5304-1-w5zc8-from-build-pack-1
upserted Pipeline cb-kubecd-environment-pr-5304-1-w5zc8-1
created PipelineRun cb-kubecd-environment-pr-5304-1-w5zc8-1
created PipelineStructure cb-kubecd-environment-pr-5304-1-w5zc8-1

Showing logs for build [32mmeta-cb-kubecd-environment-pr-5-bk9f2-1[0m stage [32mfrom-build-pack[0m and container [32mstep-credential-initializer-dh4gz[0m
{"level":"warn","ts":1567508496.3487704,"logger":"fallback-logger","caller":"logging/config.go:69","msg":"Fetch GitHub commit ID from kodata failed: \"ref: refs/heads/master\" is not a valid GitHub commit ID"}
{"level":"info","ts":1567508496.3492312,"logger":"fallback-logger","caller":"creds-init/main.go:40","msg":"Credentials initialized."}

Showing logs for build [32mmeta-cb-kubecd-environment-pr-5-bk9f2-1[0m stage [32mfrom-build-pack[0m and container [32mstep-working-dir-initializer-z6sxd[0m
{"level":"warn","ts":1567508497.5722616,"logger":"fallback-logger","caller":"logging/config.go:69","msg":"Fetch GitHub commit ID from kodata failed: open /var/run/ko/HEAD: no such file or directory"}
{"level":"info","ts":1567508497.5738077,"logger":"fallback-logger","caller":"bash/main.go:65","msg":"Successfully executed command \"mkdir -p /workspace/source /workspace/source/env\""}

Showing logs for build [32mmeta-cb-kubecd-environment-pr-5-bk9f2-1[0m stage [32mfrom-build-pack[0m and container [32mstep-place-tools[0m

Showing logs for build [32mmeta-cb-kubecd-environment-pr-5-bk9f2-1[0m stage [32mfrom-build-pack[0m and container [32mstep-git-source-cb-kubecd-environment-pr-5304-1-v5bzl[0m
{"level":"warn","ts":1567508503.6511154,"logger":"fallback-logger","caller":"logging/config.go:69","msg":"Fetch GitHub commit ID from kodata failed: \"ref: refs/heads/master\" is not a valid GitHub commit ID"}
{"level":"info","ts":1567508504.2462075,"logger":"fallback-logger","caller":"git/git.go:102","msg":"Successfully cloned https://github.com/cb-kubecd/environment-pr-5304-11-tekton-gkebdd-staging.git @ master in path /workspace/source"}

Showing logs for build [32mmeta-cb-kubecd-environment-pr-5-bk9f2-1[0m stage [32mfrom-build-pack[0m and container [32mstep-git-merge[0m
Using SHAs from PULL_REFS=master:0e9f5503a336f881228cfaae0a4bdd547b060137,3:91b222632eb80209efe34989892221e8028f1c79
DEBUG: ran git fetch --unshallow origin 91b222632eb80209efe34989892221e8028f1c79: 0e9f5503a336f881228cfaae0a4bdd547b060137: in 
DEBUG: ran git checkout master in 
DEBUG: ran git reset --hard 0e9f5503a336f881228cfaae0a4bdd547b060137 in 
DEBUG: ran clean --force -d . in 
DEBUG: ran git merge 91b222632eb80209efe34989892221e8028f1c79 in 
Merged SHA 91b222632eb80209efe34989892221e8028f1c79 with commit message 'chore: Promote bdd-ghf**y-import-1567508361 to version 0.0.1' into base branch master

Showing logs for build [32mmeta-cb-kubecd-environment-pr-5-bk9f2-1[0m stage [32mfrom-build-pack[0m and container [32mstep-build-helm-build[0m
WARNING: No $CHART_REPOSITORY defined so using the default value of: http://jenkins-x-chartmuseum:8080
Adding missing Helm repo: storage.googleapis.com https://storage.googleapis.com/chartmuseum.jenkins-x.io
Successfully added Helm repository storage.googleapis.com.
Adding missing Helm repo: jenkins-x-chartmuseum http://jenkins-x-chartmuseum:8080
Successfully added Helm repository jenkins-x-chartmuseum.
WARNING: No $CHART_REPOSITORY defined so using the default value of: http://jenkins-x-chartmuseum:8080
Adding missing Helm repo: chartmuseum.jenkins-x.io http://chartmuseum.jenkins-x.io
Successfully added Helm repository chartmuseum.jenkins-x.io.
