
Showing logs for build [32mcb-kubecd-environment-pr-5304-1-xmxq9-1[0m stage [32mmeta-pipeline[0m and container [32mstep-credential-initializer-2nscg[0m
{"level":"warn","ts":1567508097.8555346,"logger":"fallback-logger","caller":"logging/config.go:69","msg":"Fetch GitHub commit ID from kodata failed: \"ref: refs/heads/master\" is not a valid GitHub commit ID"}
{"level":"info","ts":1567508097.858035,"logger":"fallback-logger","caller":"creds-init/main.go:40","msg":"Credentials initialized."}

Showing logs for build [32mcb-kubecd-environment-pr-5304-1-xmxq9-1[0m stage [32mmeta-pipeline[0m and container [32mstep-working-dir-initializer-mr4nj[0m
{"level":"warn","ts":1567508098.2835984,"logger":"fallback-logger","caller":"logging/config.go:69","msg":"Fetch GitHub commit ID from kodata failed: open /var/run/ko/HEAD: no such file or directory"}
{"level":"info","ts":1567508098.2853622,"logger":"fallback-logger","caller":"bash/main.go:65","msg":"Successfully executed command \"mkdir -p /workspace/source\""}

Showing logs for build [32mcb-kubecd-environment-pr-5304-1-xmxq9-1[0m stage [32mmeta-pipeline[0m and container [32mstep-place-tools[0m

Showing logs for build [32mcb-kubecd-environment-pr-5304-1-xmxq9-1[0m stage [32mmeta-pipeline[0m and container [32mstep-git-source-meta-cb-kubecd-environment-pr-5-6zxzv[0m
{"level":"warn","ts":1567508103.3179333,"logger":"fallback-logger","caller":"logging/config.go:69","msg":"Fetch GitHub commit ID from kodata failed: \"ref: refs/heads/master\" is not a valid GitHub commit ID"}
{"level":"info","ts":1567508103.9349244,"logger":"fallback-logger","caller":"git/git.go:102","msg":"Successfully cloned https://github.com/cb-kubecd/environment-pr-5304-11-tekton-gkebdd-staging.git @ d5d2cc2c13611f82b08e20c1fbe8636f909f5d1b in path /workspace/source"}

Showing logs for build [32mcb-kubecd-environment-pr-5304-1-xmxq9-1[0m stage [32mmeta-pipeline[0m and container [32mstep-git-merge[0m
Using SHAs from PULL_REFS=master:d5d2cc2c13611f82b08e20c1fbe8636f909f5d1b,2:73c52c8f6c2b60cf629d649ae7ed837081aa83c9
DEBUG: ran git fetch --unshallow origin 73c52c8f6c2b60cf629d649ae7ed837081aa83c9: d5d2cc2c13611f82b08e20c1fbe8636f909f5d1b: in 
DEBUG: ran git checkout master in 
DEBUG: ran git reset --hard d5d2cc2c13611f82b08e20c1fbe8636f909f5d1b in 
DEBUG: ran clean --force -d . in 
DEBUG: ran git merge 73c52c8f6c2b60cf629d649ae7ed837081aa83c9 in 
Merged SHA 73c52c8f6c2b60cf629d649ae7ed837081aa83c9 with commit message 'chore: Promote bdd-gh-1567507988 to version 0.0.1' into base branch master

Showing logs for build [32mcb-kubecd-environment-pr-5304-1-xmxq9-1[0m stage [32mmeta-pipeline[0m and container [32mstep-merge-pull-refs[0m
DEBUG: ran git fetch origin 73c52c8f6c2b60cf629d649ae7ed837081aa83c9: d5d2cc2c13611f82b08e20c1fbe8636f909f5d1b: in 
DEBUG: Unshallowed git repo in 
DEBUG: ran git checkout master in 
DEBUG: ran git reset --hard d5d2cc2c13611f82b08e20c1fbe8636f909f5d1b in 
DEBUG: ran clean --force -d . in 
DEBUG: ran git merge 73c52c8f6c2b60cf629d649ae7ed837081aa83c9 in 
Merged SHA 73c52c8f6c2b60cf629d649ae7ed837081aa83c9 with commit message 'chore: Promote bdd-gh-1567507988 to version 0.0.1' into base branch master

Showing logs for build [32mcb-kubecd-environment-pr-5304-1-xmxq9-1[0m stage [32mmeta-pipeline[0m and container [32mstep-create-effective-pipeline[0m
Deleting and cloning the Jenkins X versions repo
Cloning the Jenkins X versions repo https://github.com/jenkins-x/jenkins-x-versions.git with ref refs/heads/master to /builder/home/.**/jenkins-x-versions
selected pack: /builder/home/.**/draft/packs/github.com/jenkins-x-buildpacks/jenkins-x-kubernetes/packs/environment
Effective pipeline written to jenkins-x-promotion-build-effective.yml

Showing logs for build [32mcb-kubecd-environment-pr-5304-1-xmxq9-1[0m stage [32mmeta-pipeline[0m and container [32mstep-create-tekton-crds[0m
PipelineActivity for cb-kubecd-environment-pr-5304-11-tekton-gkebdd-staging-PR-2-1
Applying changes 
upserted PipelineResource cb-kubecd-environment-pr-5304-1 for the git repository https://github.com/cb-kubecd/environment-pr-5304-11-tekton-gkebdd-staging.git
upserted Task cb-kubecd-environment-pr-5304-1-xmxq9-from-build-pack-1
upserted Pipeline cb-kubecd-environment-pr-5304-1-xmxq9-1
created PipelineRun cb-kubecd-environment-pr-5304-1-xmxq9-1
created PipelineStructure cb-kubecd-environment-pr-5304-1-xmxq9-1

Showing logs for build [32mcb-kubecd-environment-pr-5304-1-xmxq9-1[0m stage [32mfrom-build-pack[0m and container [32mstep-credential-initializer-8q5k4[0m
{"level":"warn","ts":1567508114.1601486,"logger":"fallback-logger","caller":"logging/config.go:69","msg":"Fetch GitHub commit ID from kodata failed: \"ref: refs/heads/master\" is not a valid GitHub commit ID"}
{"level":"info","ts":1567508114.1607418,"logger":"fallback-logger","caller":"creds-init/main.go:40","msg":"Credentials initialized."}

Showing logs for build [32mcb-kubecd-environment-pr-5304-1-xmxq9-1[0m stage [32mfrom-build-pack[0m and container [32mstep-working-dir-initializer-p8qb4[0m
{"level":"warn","ts":1567508115.0083096,"logger":"fallback-logger","caller":"logging/config.go:69","msg":"Fetch GitHub commit ID from kodata failed: open /var/run/ko/HEAD: no such file or directory"}
{"level":"info","ts":1567508115.0099497,"logger":"fallback-logger","caller":"bash/main.go:65","msg":"Successfully executed command \"mkdir -p /workspace/source /workspace/source/env\""}

Showing logs for build [32mcb-kubecd-environment-pr-5304-1-xmxq9-1[0m stage [32mfrom-build-pack[0m and container [32mstep-place-tools[0m

Showing logs for build [32mcb-kubecd-environment-pr-5304-1-xmxq9-1[0m stage [32mfrom-build-pack[0m and container [32mstep-git-source-cb-kubecd-environment-pr-5304-1-c8hms[0m
{"level":"warn","ts":1567508237.308862,"logger":"fallback-logger","caller":"logging/config.go:69","msg":"Fetch GitHub commit ID from kodata failed: \"ref: refs/heads/master\" is not a valid GitHub commit ID"}
{"level":"info","ts":1567508237.9621375,"logger":"fallback-logger","caller":"git/git.go:102","msg":"Successfully cloned https://github.com/cb-kubecd/environment-pr-5304-11-tekton-gkebdd-staging.git @ master in path /workspace/source"}

Showing logs for build [32mcb-kubecd-environment-pr-5304-1-xmxq9-1[0m stage [32mfrom-build-pack[0m and container [32mstep-git-merge[0m
Using SHAs from PULL_REFS=master:d5d2cc2c13611f82b08e20c1fbe8636f909f5d1b,2:73c52c8f6c2b60cf629d649ae7ed837081aa83c9
DEBUG: ran git fetch origin 73c52c8f6c2b60cf629d649ae7ed837081aa83c9: d5d2cc2c13611f82b08e20c1fbe8636f909f5d1b: in 
DEBUG: Unshallowed git repo in 
DEBUG: ran git checkout master in 
DEBUG: ran git reset --hard d5d2cc2c13611f82b08e20c1fbe8636f909f5d1b in 
DEBUG: ran clean --force -d . in 
DEBUG: ran git merge 73c52c8f6c2b60cf629d649ae7ed837081aa83c9 in 
Merged SHA 73c52c8f6c2b60cf629d649ae7ed837081aa83c9 with commit message 'chore: Promote bdd-gh-1567507988 to version 0.0.1' into base branch master

Showing logs for build [32mcb-kubecd-environment-pr-5304-1-xmxq9-1[0m stage [32mfrom-build-pack[0m and container [32mstep-build-helm-build[0m
WARNING: No $CHART_REPOSITORY defined so using the default value of: http://jenkins-x-chartmuseum:8080
Adding missing Helm repo: storage.googleapis.com https://storage.googleapis.com/chartmuseum.jenkins-x.io
Successfully added Helm repository storage.googleapis.com.
Adding missing Helm repo: jenkins-x-chartmuseum http://jenkins-x-chartmuseum:8080
Successfully added Helm repository jenkins-x-chartmuseum.
WARNING: No $CHART_REPOSITORY defined so using the default value of: http://jenkins-x-chartmuseum:8080
Adding missing Helm repo: chartmuseum.jenkins-x.io http://chartmuseum.jenkins-x.io
Successfully added Helm repository chartmuseum.jenkins-x.io.
